<?xml version="1.0" encoding="UTF-8"?>
<testng-results skipped="0" failed="0" total="1" passed="1">
  <reporter-output>
  </reporter-output>
  <suite name="Default suite" duration-ms="11377" started-at="2018-11-20T21:13:52Z" finished-at="2018-11-20T21:14:03Z">
    <groups>
    </groups>
    <test name="Default test" duration-ms="11377" started-at="2018-11-20T21:13:52Z" finished-at="2018-11-20T21:14:03Z">
      <class name="FeatureRunner.CreateCustomerAPIRunner">
        <test-method status="PASS" signature="runCukes()[pri:0, instance:FeatureRunner.CreateCustomerAPIRunner@1832929]" name="runCukes" duration-ms="11326" started-at="2018-11-21T02:43:52Z" finished-at="2018-11-21T02:44:03Z">
          <reporter-output>
          </reporter-output>
        </test-method> <!-- runCukes -->
      </class> <!-- FeatureRunner.CreateCustomerAPIRunner -->
    </test> <!-- Default test -->
  </suite> <!-- Default suite -->
</testng-results>
